# JRE version: Java(TM) SE Runtime Environment (8.0_40-b25) (build 1.8.0_40-b25)
# Java VM: Java HotSpot(TM) 64-Bit Server VM (25.40-b25 mixed mode windows-amd64 compressed oops)
Heap:
 PSYoungGen      total 219648K, used 200649K [0x00000000eab00000, 0x00000000fb880000, 0x0000000100000000)
  eden space 189952K, 100% used [0x00000000eab00000,0x00000000f6480000,0x00000000f6480000)
  from space 29696K, 36% used [0x00000000f8d00000,0x00000000f97727e8,0x00000000faa00000)
  to   space 14848K, 99% used [0x00000000faa00000,0x00000000fb87d938,0x00000000fb880000)
 ParOldGen       total 144896K, used 100006K [0x00000000c0000000, 0x00000000c8d80000, 0x00000000eab00000)
  object space 144896K, 69% used [0x00000000c0000000,0x00000000c61a9a30,0x00000000c8d80000)
 Metaspace       used 6024K, capacity 7216K, committed 7296K, reserved 1056768K
  class space    used 578K, capacity 616K, committed 640K, reserved 1048576K
GC Heap History (10 events):
Event: 2.704 GC heap after
Heap after GC invocations=7 (full 0):
 PSYoungGen      total 135680K, used 14322K [0x00000000eab00000, 0x00000000fc700000, 0x0000000100000000)
  eden space 121344K, 0% used [0x00000000eab00000,0x00000000eab00000,0x00000000f2180000)
  from space 14336K, 99% used [0x00000000f2180000,0x00000000f2f7c910,0x00000000f2f80000)
  to   space 24064K, 0% used [0x00000000faf80000,0x00000000faf80000,0x00000000fc700000)
 ParOldGen       total 40960K, used 37257K [0x00000000c0000000, 0x00000000c2800000, 0x00000000eab00000)
  object space 40960K, 90% used [0x00000000c0000000,0x00000000c24625e8,0x00000000c2800000)
 Metaspace       used 5902K, capacity 7152K, committed 7296K, reserved 1056768K
  class space    used 559K, capacity 616K, committed 640K, reserved 1048576K
}
Event: 2.704 GC heap before
{Heap before GC invocations=8 (full 1):
 PSYoungGen      total 135680K, used 14322K [0x00000000eab00000, 0x00000000fc700000, 0x0000000100000000)
  eden space 121344K, 0% used [0x00000000eab00000,0x00000000eab00000,0x00000000f2180000)
  from space 14336K, 99% used [0x00000000f2180000,0x00000000f2f7c910,0x00000000f2f80000)
  to   space 24064K, 0% used [0x00000000faf80000,0x00000000faf80000,0x00000000fc700000)
 ParOldGen       total 40960K, used 37257K [0x00000000c0000000, 0x00000000c2800000, 0x00000000eab00000)
  object space 40960K, 90% used [0x00000000c0000000,0x00000000c24625e8,0x00000000c2800000)
 Metaspace       used 5902K, capacity 7152K, committed 7296K, reserved 1056768K
  class space    used 559K, capacity 616K, committed 640K, reserved 1048576K
Event: 3.062 GC heap after
Heap after GC invocations=8 (full 1):
 PSYoungGen      total 135680K, used 7650K [0x00000000eab00000, 0x00000000fc700000, 0x0000000100000000)
  eden space 121344K, 0% used [0x00000000eab00000,0x00000000eab00000,0x00000000f2180000)
  from space 14336K, 53% used [0x00000000f2180000,0x00000000f28f8858,0x00000000f2f80000)
  to   space 24064K, 0% used [0x00000000faf80000,0x00000000faf80000,0x00000000fc700000)
 ParOldGen       total 80896K, used 40666K [0x00000000c0000000, 0x00000000c4f00000, 0x00000000eab00000)
  object space 80896K, 50% used [0x00000000c0000000,0x00000000c27b6ac8,0x00000000c4f00000)
 Metaspace       used 5902K, capacity 7152K, committed 7296K, reserved 1056768K
  class space    used 559K, capacity 616K, committed 640K, reserved 1048576K
}
Event: 3.664 GC heap before
{Heap before GC invocations=9 (full 1):
 PSYoungGen      total 135680K, used 128994K [0x00000000eab00000, 0x00000000fc700000, 0x0000000100000000)
  eden space 121344K, 100% used [0x00000000eab00000,0x00000000f2180000,0x00000000f2180000)
  from space 14336K, 53% used [0x00000000f2180000,0x00000000f28f8858,0x00000000f2f80000)
  to   space 24064K, 0% used [0x00000000faf80000,0x00000000faf80000,0x00000000fc700000)
 ParOldGen       total 80896K, used 40666K [0x00000000c0000000, 0x00000000c4f00000, 0x00000000eab00000)
  object space 80896K, 50% used [0x00000000c0000000,0x00000000c27b6ac8,0x00000000c4f00000)
 Metaspace       used 6002K, capacity 7152K, committed 7296K, reserved 1056768K
  class space    used 578K, capacity 616K, committed 640K, reserved 1048576K
Event: 3.698 GC heap after
Heap after GC invocations=9 (full 1):
 PSYoungGen      total 182272K, used 24039K [0x00000000eab00000, 0x00000000fc700000, 0x0000000100000000)
  eden space 158208K, 0% used [0x00000000eab00000,0x00000000eab00000,0x00000000f4580000)
  from space 24064K, 99% used [0x00000000faf80000,0x00000000fc6f9d28,0x00000000fc700000)
  to   space 29696K, 0% used [0x00000000f8d00000,0x00000000f8d00000,0x00000000faa00000)
 ParOldGen       total 80896K, used 43548K [0x00000000c0000000, 0x00000000c4f00000, 0x00000000eab00000)
  object space 80896K, 53% used [0x00000000c0000000,0x00000000c2a87250,0x00000000c4f00000)
 Metaspace       used 6002K, capacity 7152K, committed 7296K, reserved 1056768K
  class space    used 578K, capacity 616K, committed 640K, reserved 1048576K
}
Event: 4.390 GC heap before
{Heap before GC invocations=10 (full 1):
 PSYoungGen      total 182272K, used 182247K [0x00000000eab00000, 0x00000000fc700000, 0x0000000100000000)
  eden space 158208K, 100% used [0x00000000eab00000,0x00000000f4580000,0x00000000f4580000)
  from space 24064K, 99% used [0x00000000faf80000,0x00000000fc6f9d28,0x00000000fc700000)
  to   space 29696K, 0% used [0x00000000f8d00000,0x00000000f8d00000,0x00000000faa00000)
 ParOldGen       total 80896K, used 43548K [0x00000000c0000000, 0x00000000c4f00000, 0x00000000eab00000)
  object space 80896K, 53% used [0x00000000c0000000,0x00000000c2a87250,0x00000000c4f00000)
 Metaspace       used 6019K, capacity 7216K, committed 7296K, reserved 1056768K
  class space    used 578K, capacity 616K, committed 640K, reserved 1048576K
Event: 4.453 GC heap after
Heap after GC invocations=10 (full 1):
 PSYoungGen      total 219648K, used 29683K [0x00000000eab00000, 0x00000000fb880000, 0x0000000100000000)
  eden space 189952K, 0% used [0x00000000eab00000,0x00000000eab00000,0x00000000f6480000)
  from space 29696K, 99% used [0x00000000f8d00000,0x00000000fa9fce88,0x00000000faa00000)
  to   space 14848K, 0% used [0x00000000faa00000,0x00000000faa00000,0x00000000fb880000)
 ParOldGen       total 80896K, used 64529K [0x00000000c0000000, 0x00000000c4f00000, 0x00000000eab00000)
  object space 80896K, 79% used [0x00000000c0000000,0x00000000c3f04680,0x00000000c4f00000)
 Metaspace       used 6019K, capacity 7216K, committed 7296K, reserved 1056768K
  class space    used 578K, capacity 616K, committed 640K, reserved 1048576K
}
Event: 4.453 GC heap before
{Heap before GC invocations=11 (full 2):
 PSYoungGen      total 219648K, used 29683K [0x00000000eab00000, 0x00000000fb880000, 0x0000000100000000)
  eden space 189952K, 0% used [0x00000000eab00000,0x00000000eab00000,0x00000000f6480000)
  from space 29696K, 99% used [0x00000000f8d00000,0x00000000fa9fce88,0x00000000faa00000)
  to   space 14848K, 0% used [0x00000000faa00000,0x00000000faa00000,0x00000000fb880000)
 ParOldGen       total 80896K, used 64529K [0x00000000c0000000, 0x00000000c4f00000, 0x00000000eab00000)
  object space 80896K, 79% used [0x00000000c0000000,0x00000000c3f04680,0x00000000c4f00000)
 Metaspace       used 6019K, capacity 7216K, committed 7296K, reserved 1056768K
  class space    used 578K, capacity 616K, committed 640K, reserved 1048576K
Event: 4.772 GC heap after
Heap after GC invocations=11 (full 2):
 PSYoungGen      total 219648K, used 10697K [0x00000000eab00000, 0x00000000fb880000, 0x0000000100000000)
  eden space 189952K, 0% used [0x00000000eab00000,0x00000000eab00000,0x00000000f6480000)
  from space 29696K, 36% used [0x00000000f8d00000,0x00000000f97727e8,0x00000000faa00000)
  to   space 14848K, 0% used [0x00000000faa00000,0x00000000faa00000,0x00000000fb880000)
 ParOldGen       total 144896K, used 80700K [0x00000000c0000000, 0x00000000c8d80000, 0x00000000eab00000)
  object space 144896K, 55% used [0x00000000c0000000,0x00000000c4ecf378,0x00000000c8d80000)
 Metaspace       used 6019K, capacity 7216K, committed 7296K, reserved 1056768K
  class space    used 578K, capacity 616K, committed 640K, reserved 1048576K
}
Event: 5.516 GC heap before
{Heap before GC invocations=12 (full 2):
 PSYoungGen      total 219648K, used 200649K [0x00000000eab00000, 0x00000000fb880000, 0x0000000100000000)
  eden space 189952K, 100% used [0x00000000eab00000,0x00000000f6480000,0x00000000f6480000)
  from space 29696K, 36% used [0x00000000f8d00000,0x00000000f97727e8,0x00000000faa00000)
  to   space 14848K, 0% used [0x00000000faa00000,0x00000000faa00000,0x00000000fb880000)
 ParOldGen       total 144896K, used 80700K [0x00000000c0000000, 0x00000000c8d80000, 0x00000000eab00000)
  object space 144896K, 55% used [0x00000000c0000000,0x00000000c4ecf378,0x00000000c8d80000)
 Metaspace       used 6024K, capacity 7216K, committed 7296K, reserved 1056768K
  class space    used 578K, capacity 616K, committed 640K, reserved 1048576K

